[KKoishi_ErrorLogger@LogLevel:ALL][2022-04-25 09:14:11]java.lang.IllegalArgumentException: Rectangle width and height must be > 0
[KKoishi_ErrorLogger@LogLevel:ALL][2022-04-25 09:14:11]	at java.desktop/java.awt.Robot.checkValidRect(Robot.java:576)
[KKoishi_ErrorLogger@LogLevel:ALL][2022-04-25 09:14:11]	at java.desktop/java.awt.Robot.createCompatibleImage(Robot.java:465)
[KKoishi_ErrorLogger@LogLevel:ALL][2022-04-25 09:14:11]	at java.desktop/java.awt.Robot.createScreenCapture(Robot.java:408)
[KKoishi_ErrorLogger@LogLevel:ALL][2022-04-25 09:14:11]	at top.kkoishi.screen.Main.captureScreen(Main.java:144)
[KKoishi_ErrorLogger@LogLevel:ALL][2022-04-25 09:14:11]	at top.kkoishi.screen.ScreenFrame.keyPressed(ScreenFrame.java:108)
[KKoishi_ErrorLogger@LogLevel:ALL][2022-04-25 09:14:11]	at java.desktop/java.awt.Component.processKeyEvent(Component.java:6584)
[KKoishi_ErrorLogger@LogLevel:ALL][2022-04-25 09:14:11]	at java.desktop/java.awt.Component.processEvent(Component.java:6403)
[KKoishi_ErrorLogger@LogLevel:ALL][2022-04-25 09:14:11]	at java.desktop/java.awt.Container.processEvent(Container.java:2266)
[KKoishi_ErrorLogger@LogLevel:ALL][2022-04-25 09:14:11]	at java.desktop/java.awt.Window.processEvent(Window.java:2056)
[KKoishi_ErrorLogger@LogLevel:ALL][2022-04-25 09:14:11]	at java.desktop/java.awt.Component.dispatchEventImpl(Component.java:5001)
[KKoishi_ErrorLogger@LogLevel:ALL][2022-04-25 09:14:11]	at java.desktop/java.awt.Container.dispatchEventImpl(Container.java:2324)
[KKoishi_ErrorLogger@LogLevel:ALL][2022-04-25 09:14:11]	at java.desktop/java.awt.Window.dispatchEventImpl(Window.java:2780)
[KKoishi_ErrorLogger@LogLevel:ALL][2022-04-25 09:14:11]	at java.desktop/java.awt.Component.dispatchEvent(Component.java:4833)
[KKoishi_ErrorLogger@LogLevel:ALL][2022-04-25 09:14:11]	at java.desktop/java.awt.KeyboardFocusManager.redispatchEvent(KeyboardFocusManager.java:1952)
[KKoishi_ErrorLogger@LogLevel:ALL][2022-04-25 09:14:11]	at java.desktop/java.awt.DefaultKeyboardFocusManager.dispatchKeyEvent(DefaultKeyboardFocusManager.java:883)
[KKoishi_ErrorLogger@LogLevel:ALL][2022-04-25 09:14:11]	at java.desktop/java.awt.DefaultKeyboardFocusManager.preDispatchKeyEvent(DefaultKeyboardFocusManager.java:1150)
[KKoishi_ErrorLogger@LogLevel:ALL][2022-04-25 09:14:11]	at java.desktop/java.awt.DefaultKeyboardFocusManager.typeAheadAssertions(DefaultKeyboardFocusManager.java:1020)
[KKoishi_ErrorLogger@LogLevel:ALL][2022-04-25 09:14:11]	at java.desktop/java.awt.DefaultKeyboardFocusManager.dispatchEvent(DefaultKeyboardFocusManager.java:848)
[KKoishi_ErrorLogger@LogLevel:ALL][2022-04-25 09:14:11]	at java.desktop/java.awt.Component.dispatchEventImpl(Component.java:4882)
[KKoishi_ErrorLogger@LogLevel:ALL][2022-04-25 09:14:11]	at java.desktop/java.awt.Container.dispatchEventImpl(Container.java:2324)
[KKoishi_ErrorLogger@LogLevel:ALL][2022-04-25 09:14:11]	at java.desktop/java.awt.Window.dispatchEventImpl(Window.java:2780)
[KKoishi_ErrorLogger@LogLevel:ALL][2022-04-25 09:14:11]	at java.desktop/java.awt.Component.dispatchEvent(Component.java:4833)
[KKoishi_ErrorLogger@LogLevel:ALL][2022-04-25 09:14:11]	at java.desktop/java.awt.EventQueue.dispatchEventImpl(EventQueue.java:773)
[KKoishi_ErrorLogger@LogLevel:ALL][2022-04-25 09:14:11]	at java.desktop/java.awt.EventQueue$4.run(EventQueue.java:722)
[KKoishi_ErrorLogger@LogLevel:ALL][2022-04-25 09:14:11]	at java.desktop/java.awt.EventQueue$4.run(EventQueue.java:716)
[KKoishi_ErrorLogger@LogLevel:ALL][2022-04-25 09:14:11]	at java.base/java.security.AccessController.doPrivileged(AccessController.java:399)
[KKoishi_ErrorLogger@LogLevel:ALL][2022-04-25 09:14:11]	at java.base/java.security.ProtectionDomain$JavaSecurityAccessImpl.doIntersectionPrivilege(ProtectionDomain.java:86)
[KKoishi_ErrorLogger@LogLevel:ALL][2022-04-25 09:14:11]	at java.base/java.security.ProtectionDomain$JavaSecurityAccessImpl.doIntersectionPrivilege(ProtectionDomain.java:97)
[KKoishi_ErrorLogger@LogLevel:ALL][2022-04-25 09:14:11]	at java.desktop/java.awt.EventQueue$5.run(EventQueue.java:746)
[KKoishi_ErrorLogger@LogLevel:ALL][2022-04-25 09:14:11]	at java.desktop/java.awt.EventQueue$5.run(EventQueue.java:744)
[KKoishi_ErrorLogger@LogLevel:ALL][2022-04-25 09:14:11]	at java.base/java.security.AccessController.doPrivileged(AccessController.java:399)
[KKoishi_ErrorLogger@LogLevel:ALL][2022-04-25 09:14:11]	at java.base/java.security.ProtectionDomain$JavaSecurityAccessImpl.doIntersectionPrivilege(ProtectionDomain.java:86)
[KKoishi_ErrorLogger@LogLevel:ALL][2022-04-25 09:14:11]	at java.desktop/java.awt.EventQueue.dispatchEvent(EventQueue.java:743)
[KKoishi_ErrorLogger@LogLevel:ALL][2022-04-25 09:14:11]	at java.desktop/java.awt.EventDispatchThread.pumpOneEventForFilters(EventDispatchThread.java:203)
[KKoishi_ErrorLogger@LogLevel:ALL][2022-04-25 09:14:11]	at java.desktop/java.awt.EventDispatchThread.pumpEventsForFilter(EventDispatchThread.java:124)
[KKoishi_ErrorLogger@LogLevel:ALL][2022-04-25 09:14:11]	at java.desktop/java.awt.EventDispatchThread.pumpEventsForHierarchy(EventDispatchThread.java:113)
[KKoishi_ErrorLogger@LogLevel:ALL][2022-04-25 09:14:11]	at java.desktop/java.awt.EventDispatchThread.pumpEvents(EventDispatchThread.java:109)
[KKoishi_ErrorLogger@LogLevel:ALL][2022-04-25 09:14:11]	at java.desktop/java.awt.EventDispatchThread.pumpEvents(EventDispatchThread.java:101)
[KKoishi_ErrorLogger@LogLevel:ALL][2022-04-25 09:14:11]	at java.desktop/java.awt.EventDispatchThread.run(EventDispatchThread.java:90)
[KKoishi_ErrorLogger@LogLevel:ALL][2022-04-25 09:23:36]java.lang.ExceptionInInitializerError
[KKoishi_ErrorLogger@LogLevel:ALL][2022-04-25 09:23:36]Caused by: java.lang.NullPointerException: Cannot read field "entries" because "section" is null
[KKoishi_ErrorLogger@LogLevel:ALL][2022-04-25 09:23:36]	at top.kkoishi.screen.Main.getProc(Main.java:194)
[KKoishi_ErrorLogger@LogLevel:ALL][2022-04-25 09:23:36]	at top.kkoishi.screen.Main.<clinit>(Main.java:75)
[KKoishi_ErrorLogger@LogLevel:ALL][2022-04-25 09:24:23]java.lang.ExceptionInInitializerError
[KKoishi_ErrorLogger@LogLevel:ALL][2022-04-25 09:24:23]Caused by: java.lang.NullPointerException: Cannot read field "entries" because "section" is null
[KKoishi_ErrorLogger@LogLevel:ALL][2022-04-25 09:24:23]	at top.kkoishi.screen.Main.getProc(Main.java:194)
[KKoishi_ErrorLogger@LogLevel:ALL][2022-04-25 09:24:23]	at top.kkoishi.screen.Main.<clinit>(Main.java:83)
[KKoishi_ErrorLogger@LogLevel:ALL][2022-04-25 09:24:58]java.lang.NullPointerException: Cannot read field "entries" because "section" is null
[KKoishi_ErrorLogger@LogLevel:ALL][2022-04-25 09:24:58]	at top.kkoishi.screen.Main.getProc(Main.java:194)
[KKoishi_ErrorLogger@LogLevel:ALL][2022-04-25 09:24:58]	at top.kkoishi.screen.Main.main(Main.java:90)
