[KKoishi_OutputLogger@LogLevel:ALL][2022-04-25 09:35:32]State:true
[KKoishi_OutputLogger@LogLevel:ALL][2022-04-25 05:09:30]Redirect out to:C:\Users\DELL\Pictures\screen_shot_kkoishi
[KKoishi_OutputLogger@LogLevel:ALL][2022-04-25 05:10:13]Redirect out to:C:\Users\DELL\Pictures\screen_shot_kkoishi
[KKoishi_OutputLogger@LogLevel:ALL][2022-04-25 05:10:26]Access.
[KKoishi_OutputLogger@LogLevel:ALL][2022-04-25 05:12:23]Redirect out to:C:\Users\DELL\Pictures\screen_shot_kkoishi
[KKoishi_OutputLogger@LogLevel:ALL][2022-04-25 05:12:37]Access.
[KKoishi_OutputLogger@LogLevel:ALL][2022-04-25 05:13:57]Redirect out to:C:\Users\DELL\Pictures\screen_shot_kkoishi
[KKoishi_OutputLogger@LogLevel:ALL][2022-04-25 05:14:04]Access.
[KKoishi_OutputLogger@LogLevel:ALL][2022-04-25 05:14:30]Redirect out to:C:\Users\DELL\Pictures\screen_shot_kkoishi
[KKoishi_OutputLogger@LogLevel:ALL][2022-04-25 05:14:40]Access.
[KKoishi_OutputLogger@LogLevel:ALL][2022-04-25 05:14:46]Redirect out to:C:\Users\DELL\Pictures\screen_shot_kkoishi
[KKoishi_OutputLogger@LogLevel:ALL][2022-04-25 05:31:20]Redirect out to:C:\Users\DELL\Pictures\screen_shot_kkoishi
[KKoishi_OutputLogger@LogLevel:ALL][2022-04-25 05:31:51]Redirect out to:C:\Users\DELL\Pictures\screen_shot_kkoishi
[KKoishi_OutputLogger@LogLevel:ALL][2022-04-25 05:31:58]Start capture screen.
[KKoishi_OutputLogger@LogLevel:ALL][2022-04-25 05:31:58]State:true
[KKoishi_OutputLogger@LogLevel:ALL][2022-04-25 05:34:49]Start capture screen.
[KKoishi_OutputLogger@LogLevel:ALL][2022-04-25 05:34:49]State:true
[KKoishi_OutputLogger@LogLevel:ALL][2022-04-26 09:04:18]Redirect out to:C:\Users\DELL\Pictures\screen_shot_kkoishi
[KKoishi_OutputLogger@LogLevel:ALL][2022-04-26 09:04:42]Redirect out to:C:\Users\DELL\Pictures\screen_shot_kkoishi
[KKoishi_OutputLogger@LogLevel:ALL][2022-04-26 09:09:07]Redirect out to:C:\Users\DELL\Pictures\screen_shot_kkoishi
[KKoishi_OutputLogger@LogLevel:ALL][2022-04-26 09:11:08]Redirect out to:C:\Users\DELL\Pictures\screen_shot_kkoishi
[KKoishi_OutputLogger@LogLevel:ALL][2022-04-26 09:11:19]Redirect out to:C:\Users\DELL\Pictures\screen_shot_kkoishi
[KKoishi_OutputLogger@LogLevel:ALL][2022-04-26 09:12:39]Redirect out to:C:\Users\DELL\Pictures\screen_shot_kkoishi
[KKoishi_OutputLogger@LogLevel:ALL][2022-04-26 09:13:33]Redirect out to:C:\Users\DELL\Pictures\screen_shot_kkoishi
[KKoishi_OutputLogger@LogLevel:ALL][2022-04-26 09:13:45]Start capture screen.
[KKoishi_OutputLogger@LogLevel:ALL][2022-04-26 09:13:45]State:true
[KKoishi_OutputLogger@LogLevel:ALL][2022-04-26 09:25:31]Redirect out to:C:\Users\DELL\Pictures\screen_shot_kkoishi
[KKoishi_OutputLogger@LogLevel:ALL][2022-04-26 09:27:01]Redirect out to:C:\Users\DELL\Pictures\screen_shot_kkoishi
[KKoishi_OutputLogger@LogLevel:ALL][2022-04-26 09:27:06]switch to:javax.swing.JPanel[,0,23,384x159,invalid,alignmentX=0.0,alignmentY=0.0,border=,flags=9,maximumSize=,minimumSize=,preferredSize=]
[KKoishi_OutputLogger@LogLevel:ALL][2022-04-26 09:29:12]Redirect out to:C:\Users\DELL\Pictures\screen_shot_kkoishi
[KKoishi_OutputLogger@LogLevel:ALL][2022-04-26 09:29:16]switch to:javax.swing.JPanel[,0,23,384x159,invalid,alignmentX=0.0,alignmentY=0.0,border=,flags=9,maximumSize=,minimumSize=,preferredSize=]
[KKoishi_OutputLogger@LogLevel:ALL][2022-04-26 09:30:34]Redirect out to:C:\Users\DELL\Pictures\screen_shot_kkoishi
[KKoishi_OutputLogger@LogLevel:ALL][2022-04-26 09:30:38]switch to:javax.swing.JPanel[,0,23,384x159,invalid,alignmentX=0.0,alignmentY=0.0,border=,flags=9,maximumSize=,minimumSize=,preferredSize=]
[KKoishi_OutputLogger@LogLevel:ALL][2022-04-26 09:31:27]Redirect out to:C:\Users\DELL\Pictures\screen_shot_kkoishi
[KKoishi_OutputLogger@LogLevel:ALL][2022-04-26 09:32:27]Redirect out to:C:\Users\DELL\Pictures\screen_shot_kkoishi
[KKoishi_OutputLogger@LogLevel:ALL][2022-04-26 09:32:38]switch to:javax.swing.JPanel[,0,23,384x223,invalid,alignmentX=0.0,alignmentY=0.0,border=,flags=9,maximumSize=,minimumSize=,preferredSize=]
[KKoishi_OutputLogger@LogLevel:ALL][2022-04-26 09:36:00]Redirect out to:C:\Users\DELL\Pictures\screen_shot_kkoishi
[KKoishi_OutputLogger@LogLevel:ALL][2022-04-26 09:36:03]switch to:javax.swing.JPanel[,0,0,0x0,invalid,alignmentX=0.0,alignmentY=0.0,border=,flags=9,maximumSize=,minimumSize=,preferredSize=]
[KKoishi_OutputLogger@LogLevel:ALL][2022-04-26 09:36:07]switch to:javax.swing.JPanel[,0,0,0x0,invalid,alignmentX=0.0,alignmentY=0.0,border=,flags=9,maximumSize=,minimumSize=,preferredSize=]
[KKoishi_OutputLogger@LogLevel:ALL][2022-04-26 09:36:08]switch to:javax.swing.JPanel[,0,0,0x0,invalid,alignmentX=0.0,alignmentY=0.0,border=,flags=9,maximumSize=,minimumSize=,preferredSize=]
[KKoishi_OutputLogger@LogLevel:ALL][2022-04-26 09:36:10]switch to:javax.swing.JPanel[,0,23,384x223,invalid,alignmentX=0.0,alignmentY=0.0,border=,flags=9,maximumSize=,minimumSize=,preferredSize=]
[KKoishi_OutputLogger@LogLevel:ALL][2022-04-26 09:36:11]switch to:javax.swing.JPanel[,0,0,0x0,invalid,alignmentX=0.0,alignmentY=0.0,border=,flags=9,maximumSize=,minimumSize=,preferredSize=]
[KKoishi_OutputLogger@LogLevel:ALL][2022-04-26 09:38:09]Redirect out to:C:\Users\DELL\Pictures\screen_shot_kkoishi
[KKoishi_OutputLogger@LogLevel:ALL][2022-04-26 09:38:13]Switch to:javax.swing.JPanel[,0,0,0x0,invalid,alignmentX=0.0,alignmentY=0.0,border=,flags=9,maximumSize=,minimumSize=,preferredSize=]
[KKoishi_OutputLogger@LogLevel:ALL][2022-04-26 09:38:13]Update comp to:[javax.swing.JPanel[,0,0,768x70,invalid,layout=java.awt.BorderLayout,alignmentX=0.0,alignmentY=0.0,border=,flags=9,maximumSize=,minimumSize=,preferredSize=]]
[KKoishi_OutputLogger@LogLevel:ALL][2022-04-26 09:38:34]Switch to:javax.swing.JPanel[,0,23,384x223,invalid,alignmentX=0.0,alignmentY=0.0,border=,flags=9,maximumSize=,minimumSize=,preferredSize=]
[KKoishi_OutputLogger@LogLevel:ALL][2022-04-26 09:38:34]Update comp to:[javax.swing.JTextPane[,0,0,0x0,invalid,layout=javax.swing.plaf.basic.BasicTextUI$UpdateHandler,alignmentX=0.0,alignmentY=0.0,border=javax.swing.plaf.basic.BasicBorders$MarginBorder@478f2613,flags=296,maximumSize=,minimumSize=,preferredSize=,caretColor=javax.swing.plaf.ColorUIResource[r=0,g=0,b=0],disabledTextColor=javax.swing.plaf.ColorUIResource[r=109,g=109,b=109],editable=true,margin=javax.swing.plaf.InsetsUIResource[top=3,left=3,bottom=3,right=3],selectedTextColor=javax.swing.plaf.ColorUIResource[r=255,g=255,b=255],selectionColor=javax.swing.plaf.ColorUIResource[r=0,g=120,b=215],kit=javax.swing.text.StyledEditorKit@78c2a397,typeHandlers={text/plain=javax.swing.text.StyledEditorKit@78c2a397}]]
[KKoishi_OutputLogger@LogLevel:ALL][2022-04-26 09:38:51]Switch to:javax.swing.JPanel[,0,0,0x0,invalid,alignmentX=0.0,alignmentY=0.0,border=,flags=9,maximumSize=,minimumSize=,preferredSize=]
[KKoishi_OutputLogger@LogLevel:ALL][2022-04-26 09:38:51]Update comp to:[javax.swing.JPanel[,0,0,768x70,invalid,layout=java.awt.BorderLayout,alignmentX=0.0,alignmentY=0.0,border=,flags=9,maximumSize=,minimumSize=,preferredSize=]]
[KKoishi_OutputLogger@LogLevel:ALL][2022-04-26 09:38:52]Switch to:javax.swing.JPanel[,0,0,0x0,invalid,alignmentX=0.0,alignmentY=0.0,border=,flags=9,maximumSize=,minimumSize=,preferredSize=]
[KKoishi_OutputLogger@LogLevel:ALL][2022-04-26 09:38:52]Update comp to:[]
[KKoishi_OutputLogger@LogLevel:ALL][2022-04-26 09:38:53]Switch to:javax.swing.JPanel[,0,0,0x0,invalid,alignmentX=0.0,alignmentY=0.0,border=,flags=9,maximumSize=,minimumSize=,preferredSize=]
[KKoishi_OutputLogger@LogLevel:ALL][2022-04-26 09:38:53]Update comp to:[]
[KKoishi_OutputLogger@LogLevel:ALL][2022-04-26 09:40:09]Redirect out to:C:\Users\DELL\Pictures\screen_shot_kkoishi
[KKoishi_OutputLogger@LogLevel:ALL][2022-04-26 09:40:14]Switch to:javax.swing.JPanel[,0,0,0x0,invalid,alignmentX=0.0,alignmentY=0.0,border=,flags=9,maximumSize=,minimumSize=,preferredSize=]
[KKoishi_OutputLogger@LogLevel:ALL][2022-04-26 09:40:14]Update comp to:[javax.swing.JPanel[,0,0,768x70,invalid,layout=java.awt.BorderLayout,alignmentX=0.0,alignmentY=0.0,border=,flags=9,maximumSize=,minimumSize=,preferredSize=]]
[KKoishi_OutputLogger@LogLevel:ALL][2022-04-26 09:40:15]Switch to:javax.swing.JPanel[,0,0,0x0,invalid,alignmentX=0.0,alignmentY=0.0,border=,flags=9,maximumSize=,minimumSize=,preferredSize=]
[KKoishi_OutputLogger@LogLevel:ALL][2022-04-26 09:40:15]Update comp to:[]
[KKoishi_OutputLogger@LogLevel:ALL][2022-04-26 09:40:16]Switch to:javax.swing.JPanel[,0,23,384x223,invalid,alignmentX=0.0,alignmentY=0.0,border=,flags=9,maximumSize=,minimumSize=,preferredSize=]
[KKoishi_OutputLogger@LogLevel:ALL][2022-04-26 09:40:16]Update comp to:[javax.swing.JTextPane[,0,0,0x0,invalid,layout=javax.swing.plaf.basic.BasicTextUI$UpdateHandler,alignmentX=0.0,alignmentY=0.0,border=javax.swing.plaf.basic.BasicBorders$MarginBorder@38939710,flags=296,maximumSize=,minimumSize=,preferredSize=,caretColor=javax.swing.plaf.ColorUIResource[r=0,g=0,b=0],disabledTextColor=javax.swing.plaf.ColorUIResource[r=109,g=109,b=109],editable=true,margin=javax.swing.plaf.InsetsUIResource[top=3,left=3,bottom=3,right=3],selectedTextColor=javax.swing.plaf.ColorUIResource[r=255,g=255,b=255],selectionColor=javax.swing.plaf.ColorUIResource[r=0,g=120,b=215],kit=javax.swing.text.StyledEditorKit@10d23f5,typeHandlers={text/plain=javax.swing.text.StyledEditorKit@10d23f5}]]
[KKoishi_OutputLogger@LogLevel:ALL][2022-04-26 09:40:17]Switch to:javax.swing.JPanel[,0,0,0x0,invalid,alignmentX=0.0,alignmentY=0.0,border=,flags=9,maximumSize=,minimumSize=,preferredSize=]
[KKoishi_OutputLogger@LogLevel:ALL][2022-04-26 09:40:17]Update comp to:[javax.swing.JPanel[,0,0,768x70,invalid,layout=java.awt.BorderLayout,alignmentX=0.0,alignmentY=0.0,border=,flags=9,maximumSize=,minimumSize=,preferredSize=]]
[KKoishi_OutputLogger@LogLevel:ALL][2022-04-26 09:40:18]Switch to:javax.swing.JPanel[,0,23,384x223,invalid,alignmentX=0.0,alignmentY=0.0,border=,flags=9,maximumSize=,minimumSize=,preferredSize=]
[KKoishi_OutputLogger@LogLevel:ALL][2022-04-26 09:40:18]Update comp to:[javax.swing.JTextPane[,0,0,0x0,invalid,layout=javax.swing.plaf.basic.BasicTextUI$UpdateHandler,alignmentX=0.0,alignmentY=0.0,border=javax.swing.plaf.basic.BasicBorders$MarginBorder@38939710,flags=296,maximumSize=,minimumSize=,preferredSize=,caretColor=javax.swing.plaf.ColorUIResource[r=0,g=0,b=0],disabledTextColor=javax.swing.plaf.ColorUIResource[r=109,g=109,b=109],editable=true,margin=javax.swing.plaf.InsetsUIResource[top=3,left=3,bottom=3,right=3],selectedTextColor=javax.swing.plaf.ColorUIResource[r=255,g=255,b=255],selectionColor=javax.swing.plaf.ColorUIResource[r=0,g=120,b=215],kit=javax.swing.text.StyledEditorKit@10d23f5,typeHandlers={text/plain=javax.swing.text.StyledEditorKit@10d23f5}]]
[KKoishi_OutputLogger@LogLevel:ALL][2022-04-26 09:40:20]Switch to:javax.swing.JPanel[,0,0,0x0,invalid,alignmentX=0.0,alignmentY=0.0,border=,flags=9,maximumSize=,minimumSize=,preferredSize=]
[KKoishi_OutputLogger@LogLevel:ALL][2022-04-26 09:40:20]Update comp to:[]
[KKoishi_OutputLogger@LogLevel:ALL][2022-04-26 09:40:20]Switch to:javax.swing.JPanel[,0,0,0x0,invalid,alignmentX=0.0,alignmentY=0.0,border=,flags=9,maximumSize=,minimumSize=,preferredSize=]
[KKoishi_OutputLogger@LogLevel:ALL][2022-04-26 09:40:20]Update comp to:[]
[KKoishi_OutputLogger@LogLevel:ALL][2022-04-26 09:40:21]Switch to:javax.swing.JPanel[,0,23,384x223,invalid,alignmentX=0.0,alignmentY=0.0,border=,flags=9,maximumSize=,minimumSize=,preferredSize=]
[KKoishi_OutputLogger@LogLevel:ALL][2022-04-26 09:40:21]Update comp to:[javax.swing.JTextPane[,0,0,0x0,invalid,layout=javax.swing.plaf.basic.BasicTextUI$UpdateHandler,alignmentX=0.0,alignmentY=0.0,border=javax.swing.plaf.basic.BasicBorders$MarginBorder@38939710,flags=296,maximumSize=,minimumSize=,preferredSize=,caretColor=javax.swing.plaf.ColorUIResource[r=0,g=0,b=0],disabledTextColor=javax.swing.plaf.ColorUIResource[r=109,g=109,b=109],editable=true,margin=javax.swing.plaf.InsetsUIResource[top=3,left=3,bottom=3,right=3],selectedTextColor=javax.swing.plaf.ColorUIResource[r=255,g=255,b=255],selectionColor=javax.swing.plaf.ColorUIResource[r=0,g=120,b=215],kit=javax.swing.text.StyledEditorKit@10d23f5,typeHandlers={text/plain=javax.swing.text.StyledEditorKit@10d23f5}]]
[KKoishi_OutputLogger@LogLevel:ALL][2022-04-26 09:40:22]Switch to:javax.swing.JPanel[,0,0,0x0,invalid,alignmentX=0.0,alignmentY=0.0,border=,flags=9,maximumSize=,minimumSize=,preferredSize=]
[KKoishi_OutputLogger@LogLevel:ALL][2022-04-26 09:40:22]Update comp to:[javax.swing.JPanel[,0,0,768x70,invalid,layout=java.awt.BorderLayout,alignmentX=0.0,alignmentY=0.0,border=,flags=9,maximumSize=,minimumSize=,preferredSize=]]
[KKoishi_OutputLogger@LogLevel:ALL][2022-04-26 09:40:23]Switch to:javax.swing.JPanel[,0,0,0x0,invalid,alignmentX=0.0,alignmentY=0.0,border=,flags=9,maximumSize=,minimumSize=,preferredSize=]
[KKoishi_OutputLogger@LogLevel:ALL][2022-04-26 09:40:23]Update comp to:[]
[KKoishi_OutputLogger@LogLevel:ALL][2022-04-26 09:40:23]Switch to:javax.swing.JPanel[,0,0,0x0,invalid,alignmentX=0.0,alignmentY=0.0,border=,flags=9,maximumSize=,minimumSize=,preferredSize=]
[KKoishi_OutputLogger@LogLevel:ALL][2022-04-26 09:40:23]Update comp to:[]
[KKoishi_OutputLogger@LogLevel:ALL][2022-04-26 09:40:24]Switch to:javax.swing.JPanel[,0,23,384x223,invalid,alignmentX=0.0,alignmentY=0.0,border=,flags=9,maximumSize=,minimumSize=,preferredSize=]
[KKoishi_OutputLogger@LogLevel:ALL][2022-04-26 09:40:24]Update comp to:[javax.swing.JTextPane[,0,0,0x0,invalid,layout=javax.swing.plaf.basic.BasicTextUI$UpdateHandler,alignmentX=0.0,alignmentY=0.0,border=javax.swing.plaf.basic.BasicBorders$MarginBorder@38939710,flags=296,maximumSize=,minimumSize=,preferredSize=,caretColor=javax.swing.plaf.ColorUIResource[r=0,g=0,b=0],disabledTextColor=javax.swing.plaf.ColorUIResource[r=109,g=109,b=109],editable=true,margin=javax.swing.plaf.InsetsUIResource[top=3,left=3,bottom=3,right=3],selectedTextColor=javax.swing.plaf.ColorUIResource[r=255,g=255,b=255],selectionColor=javax.swing.plaf.ColorUIResource[r=0,g=120,b=215],kit=javax.swing.text.StyledEditorKit@10d23f5,typeHandlers={text/plain=javax.swing.text.StyledEditorKit@10d23f5}]]
[KKoishi_OutputLogger@LogLevel:ALL][2022-04-26 09:40:35]Redirect out to:C:\Users\DELL\Pictures\screen_shot_kkoishi
[KKoishi_OutputLogger@LogLevel:ALL][2022-04-26 09:40:39]Switch to:javax.swing.JPanel[,0,0,0x0,invalid,alignmentX=0.0,alignmentY=0.0,border=,flags=9,maximumSize=,minimumSize=,preferredSize=]
[KKoishi_OutputLogger@LogLevel:ALL][2022-04-26 09:40:39]Update comp to:[javax.swing.JPanel[,0,0,768x70,invalid,layout=java.awt.BorderLayout,alignmentX=0.0,alignmentY=0.0,border=,flags=9,maximumSize=,minimumSize=,preferredSize=]]
[KKoishi_OutputLogger@LogLevel:ALL][2022-04-26 09:40:40]Switch to:javax.swing.JPanel[,0,0,0x0,invalid,alignmentX=0.0,alignmentY=0.0,border=,flags=9,maximumSize=,minimumSize=,preferredSize=]
[KKoishi_OutputLogger@LogLevel:ALL][2022-04-26 09:40:40]Update comp to:[]
[KKoishi_OutputLogger@LogLevel:ALL][2022-04-26 09:40:40]Switch to:javax.swing.JPanel[,0,23,384x223,invalid,alignmentX=0.0,alignmentY=0.0,border=,flags=9,maximumSize=,minimumSize=,preferredSize=]
[KKoishi_OutputLogger@LogLevel:ALL][2022-04-26 09:40:40]Update comp to:[javax.swing.JTextPane[,0,0,0x0,invalid,layout=javax.swing.plaf.basic.BasicTextUI$UpdateHandler,alignmentX=0.0,alignmentY=0.0,border=javax.swing.plaf.basic.BasicBorders$MarginBorder@b0d5ef2,flags=296,maximumSize=,minimumSize=,preferredSize=,caretColor=javax.swing.plaf.ColorUIResource[r=0,g=0,b=0],disabledTextColor=javax.swing.plaf.ColorUIResource[r=109,g=109,b=109],editable=true,margin=javax.swing.plaf.InsetsUIResource[top=3,left=3,bottom=3,right=3],selectedTextColor=javax.swing.plaf.ColorUIResource[r=255,g=255,b=255],selectionColor=javax.swing.plaf.ColorUIResource[r=0,g=120,b=215],kit=javax.swing.text.StyledEditorKit@3c712eee,typeHandlers={text/plain=javax.swing.text.StyledEditorKit@3c712eee}]]
[KKoishi_OutputLogger@LogLevel:ALL][2022-04-26 09:41:51]Redirect out to:C:\Users\DELL\Pictures\screen_shot_kkoishi
[KKoishi_OutputLogger@LogLevel:ALL][2022-04-26 09:41:56]Switch to:javax.swing.JPanel[,0,0,0x0,invalid,alignmentX=0.0,alignmentY=0.0,border=,flags=9,maximumSize=,minimumSize=,preferredSize=]
[KKoishi_OutputLogger@LogLevel:ALL][2022-04-26 09:41:56]Update comp to:[javax.swing.JPanel[,0,0,768x70,invalid,layout=java.awt.BorderLayout,alignmentX=0.0,alignmentY=0.0,border=,flags=9,maximumSize=,minimumSize=,preferredSize=]]
[KKoishi_OutputLogger@LogLevel:ALL][2022-04-26 09:41:57]Switch to:javax.swing.JPanel[,0,0,0x0,invalid,alignmentX=0.0,alignmentY=0.0,border=,flags=9,maximumSize=,minimumSize=,preferredSize=]
[KKoishi_OutputLogger@LogLevel:ALL][2022-04-26 09:41:57]Update comp to:[]
[KKoishi_OutputLogger@LogLevel:ALL][2022-04-26 09:42:39]Redirect out to:C:\Users\DELL\Pictures\screen_shot_kkoishi
[KKoishi_OutputLogger@LogLevel:ALL][2022-04-26 09:44:36]Redirect out to:C:\Users\DELL\Pictures\screen_shot_kkoishi
[KKoishi_OutputLogger@LogLevel:ALL][2022-04-26 09:44:43]Switch to:javax.swing.JPanel[,0,0,0x0,invalid,alignmentX=0.0,alignmentY=0.0,border=,flags=9,maximumSize=,minimumSize=,preferredSize=]
[KKoishi_OutputLogger@LogLevel:ALL][2022-04-26 09:44:43]Update comp to:[javax.swing.JPanel[,0,0,768x70,invalid,layout=java.awt.BorderLayout,alignmentX=0.0,alignmentY=0.0,border=,flags=9,maximumSize=,minimumSize=,preferredSize=]]
[KKoishi_OutputLogger@LogLevel:ALL][2022-04-26 09:44:44]Switch to:javax.swing.JPanel[,0,0,0x0,invalid,alignmentX=0.0,alignmentY=0.0,border=,flags=9,maximumSize=,minimumSize=,preferredSize=]
[KKoishi_OutputLogger@LogLevel:ALL][2022-04-26 09:44:44]Update comp to:[]
[KKoishi_OutputLogger@LogLevel:ALL][2022-04-26 09:44:45]Switch to:javax.swing.JPanel[,0,23,384x223,invalid,alignmentX=0.0,alignmentY=0.0,border=,flags=9,maximumSize=,minimumSize=,preferredSize=]
[KKoishi_OutputLogger@LogLevel:ALL][2022-04-26 09:44:45]Update comp to:[javax.swing.JTextPane[,0,0,0x0,invalid,layout=javax.swing.plaf.basic.BasicTextUI$UpdateHandler,alignmentX=0.0,alignmentY=0.0,border=javax.swing.plaf.basic.BasicBorders$MarginBorder@1ad255f0,flags=296,maximumSize=,minimumSize=,preferredSize=,caretColor=javax.swing.plaf.ColorUIResource[r=0,g=0,b=0],disabledTextColor=javax.swing.plaf.ColorUIResource[r=109,g=109,b=109],editable=true,margin=javax.swing.plaf.InsetsUIResource[top=3,left=3,bottom=3,right=3],selectedTextColor=javax.swing.plaf.ColorUIResource[r=255,g=255,b=255],selectionColor=javax.swing.plaf.ColorUIResource[r=0,g=120,b=215],kit=javax.swing.text.StyledEditorKit@3c2651c5,typeHandlers={text/plain=javax.swing.text.StyledEditorKit@3c2651c5}]]
[KKoishi_OutputLogger@LogLevel:ALL][2022-04-26 09:46:26]Redirect out to:C:\Users\DELL\Pictures\screen_shot_kkoishi
[KKoishi_OutputLogger@LogLevel:ALL][2022-04-26 09:54:51]Redirect out to:C:\Users\DELL\Pictures\screen_shot_kkoishi
[KKoishi_OutputLogger@LogLevel:ALL][2022-04-26 09:55:32]Redirect out to:C:\Users\DELL\Pictures\screen_shot_kkoishi
[KKoishi_OutputLogger@LogLevel:ALL][2022-04-26 09:56:07]Redirect out to:C:\Users\DELL\Pictures\screen_shot_kkoishi
[KKoishi_OutputLogger@LogLevel:ALL][2022-04-26 09:56:09]java.awt.event.MouseEvent[MOUSE_CLICKED,(374,432),absolute(374,432),button=1,modifiers=Button1,clickCount=1] on frame0
[KKoishi_OutputLogger@LogLevel:ALL][2022-04-26 09:56:10]java.awt.event.MouseEvent[MOUSE_CLICKED,(364,309),absolute(364,309),button=1,modifiers=Button1,clickCount=1] on frame0
[KKoishi_OutputLogger@LogLevel:ALL][2022-04-26 09:56:43]Redirect out to:C:\Users\DELL\Pictures\screen_shot_kkoishi
[KKoishi_OutputLogger@LogLevel:ALL][2022-04-26 09:57:26]Redirect out to:C:\Users\DELL\Pictures\screen_shot_kkoishi
[KKoishi_OutputLogger@LogLevel:ALL][2022-04-26 09:57:51]Redirect out to:C:\Users\DELL\Pictures\screen_shot_kkoishi
[KKoishi_OutputLogger@LogLevel:ALL][2022-04-26 09:58:26]Redirect out to:C:\Users\DELL\Pictures\screen_shot_kkoishi
[KKoishi_OutputLogger@LogLevel:ALL][2022-04-26 09:58:44]Redirect out to:C:\Users\DELL\Pictures\screen_shot_kkoishi
[KKoishi_OutputLogger@LogLevel:ALL][2022-04-26 09:59:19]Redirect out to:C:\Users\DELL\Pictures\screen_shot_kkoishi
[KKoishi_OutputLogger@LogLevel:ALL][2022-04-26 10:01:06]Redirect out to:C:\Users\DELL\Pictures\screen_shot_kkoishi
[KKoishi_OutputLogger@LogLevel:ALL][2022-04-26 10:02:20]Redirect out to:C:\Users\DELL\Pictures\screen_shot_kkoishi
[KKoishi_OutputLogger@LogLevel:ALL][2022-04-26 10:03:25]Redirect out to:C:\Users\DELL\Pictures\screen_shot_kkoishi
[KKoishi_OutputLogger@LogLevel:ALL][2022-04-26 10:05:50]Redirect out to:C:\Users\DELL\Pictures\screen_shot_kkoishi
[KKoishi_OutputLogger@LogLevel:ALL][2022-04-26 10:06:28]Redirect out to:C:\Users\DELL\Pictures\screen_shot_kkoishi
[KKoishi_OutputLogger@LogLevel:ALL][2022-04-26 10:06:38]Redirect out to:C:\Users\DELL\Pictures\screen_shot_kkoishi
[KKoishi_OutputLogger@LogLevel:ALL][2022-04-26 10:07:17]Redirect out to:C:\Users\DELL\Pictures\screen_shot_kkoishi
[KKoishi_OutputLogger@LogLevel:ALL][2022-04-26 10:08:43]Redirect out to:C:\Users\DELL\Pictures\screen_shot_kkoishi
[KKoishi_OutputLogger@LogLevel:ALL][2022-04-26 10:09:55]Redirect out to:C:\Users\DELL\Pictures\screen_shot_kkoishi
